<?xml version="1.0" encoding="UTF-8"?>
<testng-results ignored="0" total="2" passed="2" failed="0" skipped="0">
  <reporter-output>
  </reporter-output>
  <suite started-at="2026-05-11T13:46:03 IST" name="Default suite" finished-at="2026-05-11T13:46:04 IST" duration-ms="975">
    <groups>
    </groups>
    <test started-at="2026-05-11T13:46:03 IST" name="Default test" finished-at="2026-05-11T13:46:04 IST" duration-ms="975">
      <class name="com.qa.testcases.Login">
        <test-method is-config="true" signature="setup()[pri:0, instance:com.qa.testcases.Login@9597028]" started-at="2026-05-11T13:46:03 IST" name="setup" finished-at="2026-05-11T13:46:04 IST" duration-ms="907" status="PASS">
          <reporter-output>
          </reporter-output>
        </test-method> <!-- setup -->
        <test-method signature="TC1()[pri:0, instance:com.qa.testcases.Login@9597028]" started-at="2026-05-11T13:46:04 IST" name="TC1" finished-at="2026-05-11T13:46:04 IST" duration-ms="6" status="PASS">
          <reporter-output>
          </reporter-output>
        </test-method> <!-- TC1 -->
        <test-method signature="TC2()[pri:0, instance:com.qa.testcases.Login@9597028]" started-at="2026-05-11T13:46:04 IST" name="TC2" finished-at="2026-05-11T13:46:04 IST" duration-ms="4" status="PASS">
          <reporter-output>
          </reporter-output>
        </test-method> <!-- TC2 -->
      </class> <!-- com.qa.testcases.Login -->
    </test> <!-- Default test -->
  </suite> <!-- Default suite -->
</testng-results>
